TN:
SF:/Users/milafrerichs/Development/work/civicvision/terranodo/ol3-react-geonode/geonode.jsx
FN:1,(anonymous_1)
FN:8,(anonymous_2)
FN:8,defineProperties
FN:8,(anonymous_4)
FN:10,get
FN:12,_interopRequireDefault
FN:14,_classCallCheck
FN:16,_inherits
FN:164,(anonymous_9)
FN:167,GeoNodeViewer
FN:176,getChildContext
FN:183,render
FNF:12
FNH:12
FNDA:1,(anonymous_1)
FNDA:1,(anonymous_2)
FNDA:1,defineProperties
FNDA:1,(anonymous_4)
FNDA:1,get
FNDA:22,_interopRequireDefault
FNDA:1,_classCallCheck
FNDA:1,_inherits
FNDA:1,(anonymous_9)
FNDA:1,GeoNodeViewer
FNDA:1,getChildContext
FNDA:1,render
DA:1,1
DA:4,1
DA:8,2
DA:10,1
DA:12,22
DA:14,1
DA:16,1
DA:18,1
DA:20,1
DA:22,1
DA:24,1
DA:26,1
DA:28,1
DA:30,1
DA:32,1
DA:34,1
DA:36,1
DA:38,1
DA:40,1
DA:42,1
DA:44,1
DA:46,1
DA:48,1
DA:50,1
DA:52,1
DA:54,1
DA:56,1
DA:58,1
DA:60,1
DA:62,1
DA:64,1
DA:66,1
DA:68,1
DA:70,1
DA:72,1
DA:74,1
DA:76,1
DA:78,1
DA:80,1
DA:82,1
DA:84,1
DA:86,1
DA:88,1
DA:90,1
DA:92,1
DA:94,1
DA:96,1
DA:98,1
DA:100,1
DA:102,1
DA:104,1
DA:106,1
DA:108,1
DA:110,1
DA:112,1
DA:114,1
DA:116,1
DA:122,1
DA:124,1
DA:154,1
DA:156,1
DA:164,1
DA:165,1
DA:167,1
DA:168,1
DA:170,1
DA:171,1
DA:174,1
DA:177,1
DA:184,1
DA:242,1
DA:245,1
DA:249,1
DA:253,1
DA:255,1
DA:256,1
LF:76
LH:76
BRDA:8,1,0,2
BRDA:8,1,1,2
BRDA:8,2,0,2
BRDA:8,2,1,0
BRDA:8,3,0,1
BRDA:8,3,1,0
BRDA:8,4,0,0
BRDA:8,4,1,1
BRDA:10,5,0,0
BRDA:10,5,1,1
BRDA:10,6,0,0
BRDA:10,6,1,1
BRDA:10,7,0,0
BRDA:10,7,1,0
BRDA:10,8,0,1
BRDA:10,8,1,0
BRDA:10,9,0,0
BRDA:10,9,1,0
BRDA:12,10,0,2
BRDA:12,10,1,20
BRDA:12,11,0,22
BRDA:12,11,1,22
BRDA:14,12,0,0
BRDA:14,12,1,1
BRDA:16,13,0,0
BRDA:16,13,1,1
BRDA:16,14,0,1
BRDA:16,14,1,0
BRDA:16,15,0,1
BRDA:16,15,1,1
BRDA:16,16,0,1
BRDA:16,16,1,0
BRDA:16,17,0,0
BRDA:16,17,1,1
BRDA:258,18,0,0
BRDA:258,18,1,1
BRDA:258,19,0,1
BRDA:258,19,1,0
BRDA:258,20,0,0
BRDA:258,20,1,0
BRF:40
BRH:21
end_of_record
